Determining if the pthread_create exist failed with the following output:
Change Dir: /home/samuel/Documents/cppND/CppND-Route-Planning-Project/build/CMakeFiles/CMakeTmp

Run Build Command(s):/usr/bin/make cmTC_f8c95/fast 
/usr/bin/make -f CMakeFiles/cmTC_f8c95.dir/build.make CMakeFiles/cmTC_f8c95.dir/build
make[1]: Entering directory '/home/samuel/Documents/cppND/CppND-Route-Planning-Project/build/CMakeFiles/CMakeTmp'
Building C object CMakeFiles/cmTC_f8c95.dir/CheckSymbolExists.c.o
/usr/bin/cc    -o CMakeFiles/cmTC_f8c95.dir/CheckSymbolExists.c.o   -c /home/samuel/Documents/cppND/CppND-Route-Planning-Project/build/CMakeFiles/CMakeTmp/CheckSymbolExists.c
Linking C executable cmTC_f8c95
/usr/local/bin/cmake -E cmake_link_script CMakeFiles/cmTC_f8c95.dir/link.txt --verbose=1
/usr/bin/cc      -rdynamic CMakeFiles/cmTC_f8c95.dir/CheckSymbolExists.c.o  -o cmTC_f8c95 
CMakeFiles/cmTC_f8c95.dir/CheckSymbolExists.c.o: In function `main':
CheckSymbolExists.c:(.text+0x1b): undefined reference to `pthread_create'
collect2: error: ld returned 1 exit status
CMakeFiles/cmTC_f8c95.dir/build.make:86: recipe for target 'cmTC_f8c95' failed
make[1]: *** [cmTC_f8c95] Error 1
make[1]: Leaving directory '/home/samuel/Documents/cppND/CppND-Route-Planning-Project/build/CMakeFiles/CMakeTmp'
Makefile:121: recipe for target 'cmTC_f8c95/fast' failed
make: *** [cmTC_f8c95/fast] Error 2

File /home/samuel/Documents/cppND/CppND-Route-Planning-Project/build/CMakeFiles/CMakeTmp/CheckSymbolExists.c:
/* */
#include <pthread.h>

int main(int argc, char** argv)
{
  (void)argv;
#ifndef pthread_create
  return ((int*)(&pthread_create))[argc];
#else
  (void)argc;
  return 0;
#endif
}

Determining if the function pthread_create exists in the pthreads failed with the following output:
Change Dir: /home/samuel/Documents/cppND/CppND-Route-Planning-Project/build/CMakeFiles/CMakeTmp

Run Build Command(s):/usr/bin/make cmTC_92030/fast 
/usr/bin/make -f CMakeFiles/cmTC_92030.dir/build.make CMakeFiles/cmTC_92030.dir/build
make[1]: Entering directory '/home/samuel/Documents/cppND/CppND-Route-Planning-Project/build/CMakeFiles/CMakeTmp'
Building C object CMakeFiles/cmTC_92030.dir/CheckFunctionExists.c.o
/usr/bin/cc   -DCHECK_FUNCTION_EXISTS=pthread_create   -o CMakeFiles/cmTC_92030.dir/CheckFunctionExists.c.o   -c /usr/local/share/cmake-3.14/Modules/CheckFunctionExists.c
Linking C executable cmTC_92030
/usr/local/bin/cmake -E cmake_link_script CMakeFiles/cmTC_92030.dir/link.txt --verbose=1
/usr/bin/cc  -DCHECK_FUNCTION_EXISTS=pthread_create    -rdynamic CMakeFiles/cmTC_92030.dir/CheckFunctionExists.c.o  -o cmTC_92030 -lpthreads 
/usr/bin/ld: cannot find -lpthreads
collect2: error: ld returned 1 exit status
CMakeFiles/cmTC_92030.dir/build.make:86: recipe for target 'cmTC_92030' failed
make[1]: *** [cmTC_92030] Error 1
make[1]: Leaving directory '/home/samuel/Documents/cppND/CppND-Route-Planning-Project/build/CMakeFiles/CMakeTmp'
Makefile:121: recipe for target 'cmTC_92030/fast' failed
make: *** [cmTC_92030/fast] Error 2


